ARM GAS  C:\Users\SwEeTxD\AppData\Local\Temp\ccCiRS43.s 			page 1


   1              		.cpu cortex-m4
   2              		.eabi_attribute 27, 1
   3              		.eabi_attribute 28, 1
   4              		.eabi_attribute 20, 1
   5              		.eabi_attribute 21, 1
   6              		.eabi_attribute 23, 3
   7              		.eabi_attribute 24, 1
   8              		.eabi_attribute 25, 1
   9              		.eabi_attribute 26, 1
  10              		.eabi_attribute 30, 1
  11              		.eabi_attribute 34, 1
  12              		.eabi_attribute 18, 4
  13              		.file	"GPIO_Init.c"
  14              		.text
  15              	.Ltext0:
  16              		.cfi_sections	.debug_frame
  17              		.section	.text.vGPIO_Init,"ax",%progbits
  18              		.align	1
  19              		.global	vGPIO_Init
  20              		.arch armv7e-m
  21              		.syntax unified
  22              		.thumb
  23              		.thumb_func
  24              		.fpu fpv4-sp-d16
  26              	vGPIO_Init:
  27              	.LFB123:
  28              		.file 1 "Code/src/GPIO_Init.c"
   1:Code/src/GPIO_Init.c **** #include "GPIO_Init.h"
   2:Code/src/GPIO_Init.c **** 
   3:Code/src/GPIO_Init.c **** void vGPIO_Init(){
  29              		.loc 1 3 18 view -0
  30              		.cfi_startproc
  31              		@ args = 0, pretend = 0, frame = 0
  32              		@ frame_needed = 0, uses_anonymous_args = 0
  33              		@ link register save eliminated.
   4:Code/src/GPIO_Init.c ****     RCC->AHBENR |= RCC_AHBENR_GPIOAEN;
  34              		.loc 1 4 5 view .LVU1
  35              		.loc 1 4 17 is_stmt 0 view .LVU2
  36 0000 044B     		ldr	r3, .L2
  37 0002 5A69     		ldr	r2, [r3, #20]
  38 0004 42F40032 		orr	r2, r2, #131072
  39 0008 5A61     		str	r2, [r3, #20]
   5:Code/src/GPIO_Init.c ****     RCC->AHBENR |= RCC_AHBENR_GPIOBEN;
  40              		.loc 1 5 5 is_stmt 1 view .LVU3
  41              		.loc 1 5 17 is_stmt 0 view .LVU4
  42 000a 5A69     		ldr	r2, [r3, #20]
  43 000c 42F48022 		orr	r2, r2, #262144
  44 0010 5A61     		str	r2, [r3, #20]
   6:Code/src/GPIO_Init.c **** }
  45              		.loc 1 6 1 view .LVU5
  46 0012 7047     		bx	lr
  47              	.L3:
  48              		.align	2
  49              	.L2:
  50 0014 00100240 		.word	1073876992
  51              		.cfi_endproc
  52              	.LFE123:
ARM GAS  C:\Users\SwEeTxD\AppData\Local\Temp\ccCiRS43.s 			page 2


  54              		.section	.text.vGPIOA,"ax",%progbits
  55              		.align	1
  56              		.global	vGPIOA
  57              		.syntax unified
  58              		.thumb
  59              		.thumb_func
  60              		.fpu fpv4-sp-d16
  62              	vGPIOA:
  63              	.LFB124:
   7:Code/src/GPIO_Init.c **** 
   8:Code/src/GPIO_Init.c **** void vGPIOA(){
  64              		.loc 1 8 14 is_stmt 1 view -0
  65              		.cfi_startproc
  66              		@ args = 0, pretend = 0, frame = 0
  67              		@ frame_needed = 0, uses_anonymous_args = 0
  68              		@ link register save eliminated.
   9:Code/src/GPIO_Init.c ****     //*****PA5 - output_mode|output_push-pull|High_speed|No_pull-up_pull-down*****
  10:Code/src/GPIO_Init.c ****     GPIOA->MODER &= ~GPIO_MODER_MODER5;
  69              		.loc 1 10 5 view .LVU7
  70              		.loc 1 10 18 is_stmt 0 view .LVU8
  71 0000 4FF09043 		mov	r3, #1207959552
  72 0004 1A68     		ldr	r2, [r3]
  73 0006 22F44062 		bic	r2, r2, #3072
  74 000a 1A60     		str	r2, [r3]
  11:Code/src/GPIO_Init.c ****     GPIOA->MODER |= GPIO_MODER_MODER5_0;//[1:0]00: Input mode (reset state)|01: General purpose out
  75              		.loc 1 11 5 is_stmt 1 view .LVU9
  76              		.loc 1 11 18 is_stmt 0 view .LVU10
  77 000c 1A68     		ldr	r2, [r3]
  78 000e 42F48062 		orr	r2, r2, #1024
  79 0012 1A60     		str	r2, [r3]
  12:Code/src/GPIO_Init.c ****     GPIOA->OTYPER &= ~GPIO_OTYPER_OT_5;//[1:0]0: Output push-pull (reset state)|1: Output open-drai
  80              		.loc 1 12 5 is_stmt 1 view .LVU11
  81              		.loc 1 12 19 is_stmt 0 view .LVU12
  82 0014 5A68     		ldr	r2, [r3, #4]
  83 0016 22F02002 		bic	r2, r2, #32
  84 001a 5A60     		str	r2, [r3, #4]
  13:Code/src/GPIO_Init.c ****     GPIOA->OSPEEDR |= GPIO_OSPEEDER_OSPEEDR0;//[1:0]x0: Low speed|01: Medium speed|11: High speed
  85              		.loc 1 13 5 is_stmt 1 view .LVU13
  86              		.loc 1 13 20 is_stmt 0 view .LVU14
  87 001c 9A68     		ldr	r2, [r3, #8]
  88 001e 42F00302 		orr	r2, r2, #3
  89 0022 9A60     		str	r2, [r3, #8]
  14:Code/src/GPIO_Init.c ****     GPIOA->PUPDR |= GPIO_PUPDR_PUPDR5_1;//[1:0]00: No pull-up, pull-down|01: Pull-up|10: Pull-down|
  90              		.loc 1 14 5 is_stmt 1 view .LVU15
  91              		.loc 1 14 18 is_stmt 0 view .LVU16
  92 0024 DA68     		ldr	r2, [r3, #12]
  93 0026 42F40062 		orr	r2, r2, #2048
  94 002a DA60     		str	r2, [r3, #12]
  15:Code/src/GPIO_Init.c **** }
  95              		.loc 1 15 1 view .LVU17
  96 002c 7047     		bx	lr
  97              		.cfi_endproc
  98              	.LFE124:
 100              		.section	.text.vGPIOB,"ax",%progbits
 101              		.align	1
 102              		.global	vGPIOB
 103              		.syntax unified
ARM GAS  C:\Users\SwEeTxD\AppData\Local\Temp\ccCiRS43.s 			page 3


 104              		.thumb
 105              		.thumb_func
 106              		.fpu fpv4-sp-d16
 108              	vGPIOB:
 109              	.LFB125:
  16:Code/src/GPIO_Init.c **** 
  17:Code/src/GPIO_Init.c **** void vGPIOB(){
 110              		.loc 1 17 14 is_stmt 1 view -0
 111              		.cfi_startproc
 112              		@ args = 0, pretend = 0, frame = 0
 113              		@ frame_needed = 0, uses_anonymous_args = 0
 114              		@ link register save eliminated.
  18:Code/src/GPIO_Init.c ****     //*****PB0 - Alternate_function_mode|output_push-pull|High_speed|pull_down*****
  19:Code/src/GPIO_Init.c ****     GPIOB->MODER = 0x00000000;
 115              		.loc 1 19 5 view .LVU19
 116              		.loc 1 19 18 is_stmt 0 view .LVU20
 117 0000 0F4B     		ldr	r3, .L6
 118 0002 0022     		movs	r2, #0
 119 0004 1A60     		str	r2, [r3]
  20:Code/src/GPIO_Init.c ****     GPIOB->MODER &= ~GPIO_MODER_MODER0_0;
 120              		.loc 1 20 5 is_stmt 1 view .LVU21
 121              		.loc 1 20 18 is_stmt 0 view .LVU22
 122 0006 1A68     		ldr	r2, [r3]
 123 0008 22F00102 		bic	r2, r2, #1
 124 000c 1A60     		str	r2, [r3]
  21:Code/src/GPIO_Init.c ****     GPIOB->MODER |= GPIO_MODER_MODER0_1;//[1:0]00: Input mode (reset state)|01: General purpose out
 125              		.loc 1 21 5 is_stmt 1 view .LVU23
 126              		.loc 1 21 18 is_stmt 0 view .LVU24
 127 000e 1A68     		ldr	r2, [r3]
 128 0010 42F00202 		orr	r2, r2, #2
 129 0014 1A60     		str	r2, [r3]
  22:Code/src/GPIO_Init.c ****     GPIOB->OTYPER &= ~GPIO_OTYPER_OT_0;//[1:0]0: Output push-pull (reset state)|1: Output open-drai
 130              		.loc 1 22 5 is_stmt 1 view .LVU25
 131              		.loc 1 22 19 is_stmt 0 view .LVU26
 132 0016 5A68     		ldr	r2, [r3, #4]
 133 0018 22F00102 		bic	r2, r2, #1
 134 001c 5A60     		str	r2, [r3, #4]
  23:Code/src/GPIO_Init.c ****     GPIOB->OSPEEDR |= GPIO_OSPEEDER_OSPEEDR0_0 | GPIO_OSPEEDER_OSPEEDR0_1;//[1:0]x0: Low speed|01: 
 135              		.loc 1 23 5 is_stmt 1 view .LVU27
 136              		.loc 1 23 20 is_stmt 0 view .LVU28
 137 001e 9A68     		ldr	r2, [r3, #8]
 138 0020 42F00302 		orr	r2, r2, #3
 139 0024 9A60     		str	r2, [r3, #8]
  24:Code/src/GPIO_Init.c ****     GPIOB->PUPDR &= ~GPIO_PUPDR_PUPDR0_0;//[1:0]00: No pull-up, pull-down|01: Pull-up|10: Pull-down
 140              		.loc 1 24 5 is_stmt 1 view .LVU29
 141              		.loc 1 24 18 is_stmt 0 view .LVU30
 142 0026 DA68     		ldr	r2, [r3, #12]
 143 0028 22F00102 		bic	r2, r2, #1
 144 002c DA60     		str	r2, [r3, #12]
  25:Code/src/GPIO_Init.c ****     GPIOB->PUPDR &= ~GPIO_PUPDR_PUPDR0_1;//[1:0]00: No pull-up, pull-down|01: Pull-up|10: Pull-down
 145              		.loc 1 25 5 is_stmt 1 view .LVU31
 146              		.loc 1 25 18 is_stmt 0 view .LVU32
 147 002e DA68     		ldr	r2, [r3, #12]
 148 0030 22F00202 		bic	r2, r2, #2
 149 0034 DA60     		str	r2, [r3, #12]
  26:Code/src/GPIO_Init.c ****     GPIOB->AFR[0] |= 2;//AF2 GPIOx_AFR
 150              		.loc 1 26 5 is_stmt 1 view .LVU33
ARM GAS  C:\Users\SwEeTxD\AppData\Local\Temp\ccCiRS43.s 			page 4


 151              		.loc 1 26 19 is_stmt 0 view .LVU34
 152 0036 1A6A     		ldr	r2, [r3, #32]
 153 0038 42F00202 		orr	r2, r2, #2
 154 003c 1A62     		str	r2, [r3, #32]
  27:Code/src/GPIO_Init.c ****     //GPIOB->BSRR |= GPIO_BSRR_BR_0;
  28:Code/src/GPIO_Init.c ****     //for(int i = 0; i<100000; i++){}
  29:Code/src/GPIO_Init.c **** }...
 155              		.loc 1 29 1 view .LVU35
 156 003e 7047     		bx	lr
 157              	.L7:
 158              		.align	2
 159              	.L6:
 160 0040 00040048 		.word	1207960576
 161              		.cfi_endproc
 162              	.LFE125:
 164              		.text
 165              	.Letext0:
 166              		.file 2 "z:\\stm32\\stlink_in_jlink\\armembeddedgcc\\arm-none-eabi\\include\\machine\\_default_typ
 167              		.file 3 "z:\\stm32\\stlink_in_jlink\\armembeddedgcc\\arm-none-eabi\\include\\sys\\_stdint.h"
 168              		.file 4 "CMSIS/inc/core_cm4.h"
 169              		.file 5 "CMSIS/inc/system_stm32f3xx.h"
 170              		.file 6 "CMSIS/inc/stm32f334x8.h"
ARM GAS  C:\Users\SwEeTxD\AppData\Local\Temp\ccCiRS43.s 			page 5


DEFINED SYMBOLS
                            *ABS*:0000000000000000 GPIO_Init.c
C:\Users\SwEeTxD\AppData\Local\Temp\ccCiRS43.s:18     .text.vGPIO_Init:0000000000000000 $t
C:\Users\SwEeTxD\AppData\Local\Temp\ccCiRS43.s:26     .text.vGPIO_Init:0000000000000000 vGPIO_Init
C:\Users\SwEeTxD\AppData\Local\Temp\ccCiRS43.s:50     .text.vGPIO_Init:0000000000000014 $d
C:\Users\SwEeTxD\AppData\Local\Temp\ccCiRS43.s:55     .text.vGPIOA:0000000000000000 $t
C:\Users\SwEeTxD\AppData\Local\Temp\ccCiRS43.s:62     .text.vGPIOA:0000000000000000 vGPIOA
C:\Users\SwEeTxD\AppData\Local\Temp\ccCiRS43.s:101    .text.vGPIOB:0000000000000000 $t
C:\Users\SwEeTxD\AppData\Local\Temp\ccCiRS43.s:108    .text.vGPIOB:0000000000000000 vGPIOB
C:\Users\SwEeTxD\AppData\Local\Temp\ccCiRS43.s:160    .text.vGPIOB:0000000000000040 $d

NO UNDEFINED SYMBOLS
