ARM GAS  C:\Users\SwEeTxD\AppData\Local\Temp\ccaTX2er.s 			page 1


   1              		.cpu cortex-m4
   2              		.eabi_attribute 27, 1
   3              		.eabi_attribute 28, 1
   4              		.eabi_attribute 20, 1
   5              		.eabi_attribute 21, 1
   6              		.eabi_attribute 23, 3
   7              		.eabi_attribute 24, 1
   8              		.eabi_attribute 25, 1
   9              		.eabi_attribute 26, 1
  10              		.eabi_attribute 30, 1
  11              		.eabi_attribute 34, 1
  12              		.eabi_attribute 18, 4
  13              		.file	"main.c"
  14              		.text
  15              	.Ltext0:
  16              		.cfi_sections	.debug_frame
  17              		.section	.text.main,"ax",%progbits
  18              		.align	1
  19              		.global	main
  20              		.arch armv7e-m
  21              		.syntax unified
  22              		.thumb
  23              		.thumb_func
  24              		.fpu fpv4-sp-d16
  26              	main:
  27              	.LFB123:
  28              		.file 1 "Code/src/main.c"
   1:Code/src/main.c **** #include "main.h"
   2:Code/src/main.c **** 
   3:Code/src/main.c **** int main(){
  29              		.loc 1 3 11 view -0
  30              		.cfi_startproc
  31              		@ Volatile: function does not return.
  32              		@ args = 0, pretend = 0, frame = 0
  33              		@ frame_needed = 0, uses_anonymous_args = 0
  34 0000 08B5     		push	{r3, lr}
  35              	.LCFI0:
  36              		.cfi_def_cfa_offset 8
  37              		.cfi_offset 3, -8
  38              		.cfi_offset 14, -4
   4:Code/src/main.c ****     vRCC_Init();
  39              		.loc 1 4 5 view .LVU1
  40 0002 FFF7FEFF 		bl	vRCC_Init
  41              	.LVL0:
   5:Code/src/main.c ****    
   6:Code/src/main.c ****     vGPIO_Init();
  42              		.loc 1 6 5 view .LVU2
  43 0006 FFF7FEFF 		bl	vGPIO_Init
  44              	.LVL1:
   7:Code/src/main.c ****     vGPIOA();
  45              		.loc 1 7 5 view .LVU3
  46 000a FFF7FEFF 		bl	vGPIOA
  47              	.LVL2:
   8:Code/src/main.c ****     vGPIOB();
  48              		.loc 1 8 5 view .LVU4
  49 000e FFF7FEFF 		bl	vGPIOB
  50              	.LVL3:
ARM GAS  C:\Users\SwEeTxD\AppData\Local\Temp\ccaTX2er.s 			page 2


   9:Code/src/main.c ****     vDMA1_Channel2_Mem_To_TIM3_Init();
  51              		.loc 1 9 5 view .LVU5
  52 0012 FFF7FEFF 		bl	vDMA1_Channel2_Mem_To_TIM3_Init
  53              	.LVL4:
  10:Code/src/main.c ****     vTIM3_Init();
  54              		.loc 1 10 5 view .LVU6
  55 0016 FFF7FEFF 		bl	vTIM3_Init
  56              	.LVL5:
  57              	.L2:
  11:Code/src/main.c ****     
  12:Code/src/main.c ****     
  13:Code/src/main.c ****     
  14:Code/src/main.c **** 
  15:Code/src/main.c **** //    ws2812b_send();
  16:Code/src/main.c **** 
  17:Code/src/main.c ****     while (1)
  58              		.loc 1 17 5 discriminator 1 view .LVU7
  18:Code/src/main.c ****     {
  19:Code/src/main.c **** 
  20:Code/src/main.c ****     }
  59              		.loc 1 20 5 discriminator 1 view .LVU8
  60 001a FEE7     		b	.L2
  61              		.cfi_endproc
  62              	.LFE123:
  64              		.text
  65              	.Letext0:
  66              		.file 2 "z:\\stm32\\stlink_in_jlink\\armembeddedgcc\\arm-none-eabi\\include\\machine\\_default_typ
  67              		.file 3 "z:\\stm32\\stlink_in_jlink\\armembeddedgcc\\arm-none-eabi\\include\\sys\\_stdint.h"
  68              		.file 4 "CMSIS/inc/core_cm4.h"
  69              		.file 5 "CMSIS/inc/system_stm32f3xx.h"
  70              		.file 6 "Code/Inc/RCC_Init.h"
  71              		.file 7 "Code/Inc/GPIO_Init.h"
  72              		.file 8 "Code/Inc/DMA_Init.h"
  73              		.file 9 "Code/Inc/Timer_Init.h"
ARM GAS  C:\Users\SwEeTxD\AppData\Local\Temp\ccaTX2er.s 			page 3


DEFINED SYMBOLS
                            *ABS*:0000000000000000 main.c
C:\Users\SwEeTxD\AppData\Local\Temp\ccaTX2er.s:18     .text.main:0000000000000000 $t
C:\Users\SwEeTxD\AppData\Local\Temp\ccaTX2er.s:26     .text.main:0000000000000000 main

UNDEFINED SYMBOLS
vRCC_Init
vGPIO_Init
vGPIOA
vGPIOB
vDMA1_Channel2_Mem_To_TIM3_Init
vTIM3_Init
